2023-07-22T18:37:01.896485+0800 INFO Бот запущен
2023-07-22T18:37:01.896485+0800 INFO Бот запущен
2023-07-22T18:37:01.897007+0800 INFO Парсер гугл таблиц и БД запущены
2023-07-22T18:37:01.897007+0800 INFO Парсер гугл таблиц и БД запущены
2023-07-22T18:37:02.137147+0800 INFO Ссылка на таблицу: https://clck.ru/352NGH
2023-07-22T18:37:02.137147+0800 INFO Ссылка на таблицу: https://clck.ru/352NGH
2023-07-22T18:37:02.137147+0800 INFO Ссылка на таблицу: https://clck.ru/352NGH
2023-07-22T18:37:02.137147+0800 INFO Ссылка на таблицу: https://clck.ru/352NGH
2023-07-22T18:38:10.507842+0800 INFO Бот запущен
2023-07-22T18:38:10.507842+0800 INFO Бот запущен
2023-07-22T18:38:10.508355+0800 INFO Парсер гугл таблиц и БД запущены
2023-07-22T18:38:10.508355+0800 INFO Парсер гугл таблиц и БД запущены
2023-07-22T18:38:10.720106+0800 INFO Ссылка на таблицу: https://clck.ru/352NGH
2023-07-22T18:38:10.720106+0800 INFO Ссылка на таблицу: https://clck.ru/352NGH
2023-07-22T18:38:10.720106+0800 INFO Ссылка на таблицу: https://clck.ru/352NGH
2023-07-22T18:38:10.720106+0800 INFO Ссылка на таблицу: https://clck.ru/352NGH
2023-07-22T18:38:47.545125+0800 INFO Сообщение krgkenrglkrdn дошло до пользователя 351162658 успешно
2023-07-22T18:38:47.545125+0800 INFO Сообщение krgkenrglkrdn дошло до пользователя 351162658 успешно
2023-07-22T18:38:47.545125+0800 INFO Сообщение krgkenrglkrdn дошло до пользователя 351162658 успешно
2023-07-22T18:38:47.545125+0800 INFO Сообщение krgkenrglkrdn дошло до пользователя 351162658 успешно
2023-07-22T18:38:47.548401+0800 DEBUG ignored_task=[{'id': 34, 'task': 'krgkenrglkrdn', 'user_id': '351162658', 'remaining_time': 59}]
2023-07-22T18:38:47.548401+0800 DEBUG ignored_task=[{'id': 34, 'task': 'krgkenrglkrdn', 'user_id': '351162658', 'remaining_time': 59}]
2023-07-22T18:38:47.548401+0800 DEBUG ignored_task=[{'id': 34, 'task': 'krgkenrglkrdn', 'user_id': '351162658', 'remaining_time': 59}]
2023-07-22T18:38:47.548401+0800 DEBUG ignored_task=[{'id': 34, 'task': 'krgkenrglkrdn', 'user_id': '351162658', 'remaining_time': 59}]
